<?xml version="1.0" encoding="UTF-8"?>
<testsuite xmlns:xsi="http://www.w3.org/2001/XMLSchema-instance" xsi:noNamespaceSchemaLocation="https://maven.apache.org/surefire/maven-surefire-plugin/xsd/surefire-test-report.xsd" name="org.example.AppTest" time="0.02" tests="1" errors="0" skipped="0" failures="0">
  <properties>
    <property name="sun.desktop" value="windows"/>
    <property name="awt.toolkit" value="sun.awt.windows.WToolkit"/>
    <property name="file.encoding.pkg" value="sun.io"/>
    <property name="java.specification.version" value="1.8"/>
    <property name="sun.cpu.isalist" value="amd64"/>
    <property name="sun.jnu.encoding" value="GBK"/>
    <property name="java.class.path" value="D:\Develop\JetBrains\ideaproject\day100_spring02\day100_spring_jdbcTempalte\target\test-classes;D:\Develop\JetBrains\ideaproject\day100_spring02\day100_spring_jdbcTempalte\target\classes;D:\Program Files\apache-maven-3.5.2\repository\junit\junit\4.11\junit-4.11.jar;D:\Program Files\apache-maven-3.5.2\repository\org\hamcrest\hamcrest-core\1.3\hamcrest-core-1.3.jar;D:\Program Files\apache-maven-3.5.2\repository\org\springframework\spring-context\5.0.6.RELEASE\spring-context-5.0.6.RELEASE.jar;D:\Program Files\apache-maven-3.5.2\repository\org\springframework\spring-aop\5.0.6.RELEASE\spring-aop-5.0.6.RELEASE.jar;D:\Program Files\apache-maven-3.5.2\repository\org\springframework\spring-beans\5.0.6.RELEASE\spring-beans-5.0.6.RELEASE.jar;D:\Program Files\apache-maven-3.5.2\repository\org\springframework\spring-core\5.0.6.RELEASE\spring-core-5.0.6.RELEASE.jar;D:\Program Files\apache-maven-3.5.2\repository\org\springframework\spring-jcl\5.0.6.RELEASE\spring-jcl-5.0.6.RELEASE.jar;D:\Program Files\apache-maven-3.5.2\repository\org\springframework\spring-expression\5.0.6.RELEASE\spring-expression-5.0.6.RELEASE.jar;D:\Program Files\apache-maven-3.5.2\repository\org\springframework\spring-jdbc\5.0.6.RELEASE\spring-jdbc-5.0.6.RELEASE.jar;D:\Program Files\apache-maven-3.5.2\repository\org\springframework\spring-tx\5.0.6.RELEASE\spring-tx-5.0.6.RELEASE.jar;D:\Program Files\apache-maven-3.5.2\repository\mysql\mysql-connector-java\5.1.38\mysql-connector-java-5.1.38.jar;"/>
    <property name="java.vm.vendor" value="Oracle Corporation"/>
    <property name="sun.arch.data.model" value="64"/>
    <property name="user.variant" value=""/>
    <property name="java.vendor.url" value="http://java.oracle.com/"/>
    <property name="user.timezone" value="Asia/Shanghai"/>
    <property name="java.vm.specification.version" value="1.8"/>
    <property name="os.name" value="Windows 10"/>
    <property name="user.country" value="CN"/>
    <property name="sun.java.launcher" value="SUN_STANDARD"/>
    <property name="sun.boot.library.path" value="D:\Develop\jdk-8\jre\bin"/>
    <property name="sun.java.command" value="C:\Users\13008\AppData\Local\Temp\surefire6145039786334726509\surefirebooter5040306072820903701.jar C:\Users\13008\AppData\Local\Temp\surefire6145039786334726509 2021-03-29T09-22-16_166-jvmRun1 surefire7990749820117179165tmp surefire_06219734861152099018tmp"/>
    <property name="surefire.test.class.path" value="D:\Develop\JetBrains\ideaproject\day100_spring02\day100_spring_jdbcTempalte\target\test-classes;D:\Develop\JetBrains\ideaproject\day100_spring02\day100_spring_jdbcTempalte\target\classes;D:\Program Files\apache-maven-3.5.2\repository\junit\junit\4.11\junit-4.11.jar;D:\Program Files\apache-maven-3.5.2\repository\org\hamcrest\hamcrest-core\1.3\hamcrest-core-1.3.jar;D:\Program Files\apache-maven-3.5.2\repository\org\springframework\spring-context\5.0.6.RELEASE\spring-context-5.0.6.RELEASE.jar;D:\Program Files\apache-maven-3.5.2\repository\org\springframework\spring-aop\5.0.6.RELEASE\spring-aop-5.0.6.RELEASE.jar;D:\Program Files\apache-maven-3.5.2\repository\org\springframework\spring-beans\5.0.6.RELEASE\spring-beans-5.0.6.RELEASE.jar;D:\Program Files\apache-maven-3.5.2\repository\org\springframework\spring-core\5.0.6.RELEASE\spring-core-5.0.6.RELEASE.jar;D:\Program Files\apache-maven-3.5.2\repository\org\springframework\spring-jcl\5.0.6.RELEASE\spring-jcl-5.0.6.RELEASE.jar;D:\Program Files\apache-maven-3.5.2\repository\org\springframework\spring-expression\5.0.6.RELEASE\spring-expression-5.0.6.RELEASE.jar;D:\Program Files\apache-maven-3.5.2\repository\org\springframework\spring-jdbc\5.0.6.RELEASE\spring-jdbc-5.0.6.RELEASE.jar;D:\Program Files\apache-maven-3.5.2\repository\org\springframework\spring-tx\5.0.6.RELEASE\spring-tx-5.0.6.RELEASE.jar;D:\Program Files\apache-maven-3.5.2\repository\mysql\mysql-connector-java\5.1.38\mysql-connector-java-5.1.38.jar;"/>
    <property name="sun.cpu.endian" value="little"/>
    <property name="user.home" value="C:\Users\13008"/>
    <property name="user.language" value="zh"/>
    <property name="java.specification.vendor" value="Oracle Corporation"/>
    <property name="java.home" value="D:\Develop\jdk-8\jre"/>
    <property name="basedir" value="D:\Develop\JetBrains\ideaproject\day100_spring02\day100_spring_jdbcTempalte"/>
    <property name="file.separator" value="\"/>
    <property name="line.separator" value="&#10;"/>
    <property name="java.vm.specification.vendor" value="Oracle Corporation"/>
    <property name="java.specification.name" value="Java Platform API Specification"/>
    <property name="java.awt.graphicsenv" value="sun.awt.Win32GraphicsEnvironment"/>
    <property name="surefire.real.class.path" value="C:\Users\13008\AppData\Local\Temp\surefire6145039786334726509\surefirebooter5040306072820903701.jar"/>
    <property name="sun.boot.class.path" value="D:\Develop\jdk-8\jre\lib\resources.jar;D:\Develop\jdk-8\jre\lib\rt.jar;D:\Develop\jdk-8\jre\lib\sunrsasign.jar;D:\Develop\jdk-8\jre\lib\jsse.jar;D:\Develop\jdk-8\jre\lib\jce.jar;D:\Develop\jdk-8\jre\lib\charsets.jar;D:\Develop\jdk-8\jre\lib\jfr.jar;D:\Develop\jdk-8\jre\classes"/>
    <property name="user.script" value=""/>
    <property name="sun.management.compiler" value="HotSpot 64-Bit Tiered Compilers"/>
    <property name="java.runtime.version" value="1.8.0_251-b08"/>
    <property name="user.name" value="13008"/>
    <property name="path.separator" value=";"/>
    <property name="os.version" value="10.0"/>
    <property name="java.endorsed.dirs" value="D:\Develop\jdk-8\jre\lib\endorsed"/>
    <property name="java.runtime.name" value="Java(TM) SE Runtime Environment"/>
    <property name="file.encoding" value="GBK"/>
    <property name="java.vm.name" value="Java HotSpot(TM) 64-Bit Server VM"/>
    <property name="idea.version2020.1" value="true"/>
    <property name="localRepository" value="D:\Program Files\apache-maven-3.5.2\repository"/>
    <property name="java.vendor.url.bug" value="http://bugreport.sun.com/bugreport/"/>
    <property name="java.io.tmpdir" value="C:\Users\13008\AppData\Local\Temp\"/>
    <property name="java.version" value="1.8.0_251"/>
    <property name="user.dir" value="D:\Develop\JetBrains\ideaproject\day100_spring02\day100_spring_jdbcTempalte"/>
    <property name="os.arch" value="amd64"/>
    <property name="java.vm.specification.name" value="Java Virtual Machine Specification"/>
    <property name="java.awt.printerjob" value="sun.awt.windows.WPrinterJob"/>
    <property name="sun.os.patch.level" value=""/>
    <property name="java.library.path" value="D:\Develop\jdk-8\jre\bin;C:\Windows\Sun\Java\bin;C:\Windows\system32;C:\Windows;C:\Program Files (x86)\VMware\VMware Workstation\bin\;D:\Develop\jdk-8\bin;D:\Develop\jdk-15.0.1\bin;C:\Program Files\Common Files\Oracle\Java\javapath;C:\Windows\system32;C:\Windows;C:\Windows\System32\Wbem;C:\Windows\System32\WindowsPowerShell\v1.0\;C:\Windows\System32\OpenSSH\;C:\Program Files (x86)\NVIDIA Corporation\PhysX\Common;C:\Program Files\Git\cmd;C:\Program Files\MySQL\MySQL Server 5.5\bin;D:\Program Files\apache-maven-3.5.2\bin;C:\Users\13008\AppData\Local\Microsoft\WindowsApps;;."/>
    <property name="java.vm.info" value="mixed mode"/>
    <property name="java.vendor" value="Oracle Corporation"/>
    <property name="java.vm.version" value="25.251-b08"/>
    <property name="java.ext.dirs" value="D:\Develop\jdk-8\jre\lib\ext;C:\Windows\Sun\Java\lib\ext"/>
    <property name="sun.io.unicode.encoding" value="UnicodeLittle"/>
    <property name="maven.repo.local" value="D:\Program Files\apache-maven-3.5.2\repository"/>
    <property name="java.class.version" value="52.0"/>
  </properties>
  <testcase name="shouldAnswerWithTrue" classname="org.example.AppTest" time="0.001"/>
</testsuite>